This is pdfTeX, Version 3.1415926-2.4-1.40.13 (TeX Live 2012) (format=pdflatex 2012.6.30)  7 NOV 2013 02:52
entering extended mode
 restricted \write18 enabled.
 %&-line parsing enabled.
**JB_lab_1.tex
(./JB_lab_1.tex
LaTeX2e <2011/06/27>
Babel <v3.8m> and hyphenation patterns for english, dumylang, nohyphenation, ge
rman-x-2012-05-30, ngerman-x-2012-05-30, afrikaans, ancientgreek, ibycus, arabi
c, armenian, basque, bulgarian, catalan, pinyin, coptic, croatian, czech, danis
h, dutch, ukenglish, usenglishmax, esperanto, estonian, ethiopic, farsi, finnis
h, french, friulan, galician, german, ngerman, swissgerman, monogreek, greek, h
ungarian, icelandic, assamese, bengali, gujarati, hindi, kannada, malayalam, ma
rathi, oriya, panjabi, tamil, telugu, indonesian, interlingua, irish, italian, 
kurmanji, latin, latvian, lithuanian, mongolian, mongolianlmc, bokmal, nynorsk,
 polish, portuguese, romanian, romansh, russian, sanskrit, serbian, serbianc, s
lovak, slovenian, spanish, swedish, turkish, turkmen, ukrainian, uppersorbian, 
welsh, loaded.
(/usr/local/texlive/2012/texmf-dist/tex/latex/revtex/revtex4-1.cls
Document Class: revtex4-1 2010/07/25/20:33:00 4.1r (http://publish.aps.org/revt
ex4/ for documentation)
 Copyright (c) 2009 The American Physical Society.
 mailto:revtex@aps.org
 Licensed under the LPPL:
http://www.ctan.org/tex-archive/macros/latex/base/lppl.txt
 Arthur Ogawa <arthur_ogawa at sbcglobal dot net>
 Based on work by David Carlisle <david at dcarlisle.demon.co.uk>.
ltxutil[2010/07/25/20:33:00 4.1r utilities package (portions licensed from W. E
. Baxter web at superscript.com)]
LaTeX Info: Redefining \@centercr on input line 308.
Class revtex4-1 Info: Repairing broken LaTeX eqnarray on input line 358.
\eqncolsep=\skip41
Class revtex4-1 Info: Repairing hyperref-unfriendly LaTeX definition of \mpfoot
note on input line 433.
Class revtex4-1 Info: Repairing broken LateX \@sect on input line 755.
\intertabularlinepenalty=\count79
\@tbpen=\count80
\@arstrutbox@hline=\box26
Class revtex4-1 Info: Repairing broken LaTeX \@xbitor on input line 1786.
Class revtex4-1 Info: Making \typeout \long on input line 2046.
ltxfront[2010/07/25/20:33:00 4.1r frontmatter package (AO,DPC)]
\c@affil=\count81
\c@collab=\count82
\absbox=\box27
ltxgrid[2010/07/25/20:33:00 4.1r page grid package (portions licensed from W. E
. Baxter web at superscript.com)]
\c@linecount=\count83
\output@latex=\toks14
\box@size@1=\box28
\box@size@2=\box29
\@protection@box=\box30
\@topmark@saved=\toks15
\footins@saved=\box31
\footins@recovered=\box32
\column@recovered=\box33
\pagesofar=\box34
\footsofar=\box35
\pagegrid@col=\count84
Class revtex4-1 Info: Overriding \@vspace, \@vspacer, \@no@pgbk, \@newline, and
 \\  on input line 5578.
\c@part=\count85
\c@section=\count86
\c@subsection=\count87
\c@subsubsection=\count88
\c@paragraph=\count89
\c@subparagraph=\count90
\abovecaptionskip=\skip42
\belowcaptionskip=\skip43
\c@figure=\count91
\fbox@1=\box36
\c@table=\count92
\fbox@2=\box37
\c@video=\count93
\fbox@4=\box38
\@bibdataout=\write3
\widetext@top=\box39
\widetext@bot=\box40

Class revtex4-1 Warning: No Society specified, using default society aps.

(/usr/local/texlive/2012/texmf-dist/tex/latex/revtex/aps4-1.rtx
File: aps4-1 2010/07/25/20:33:00 4.1r (http://publish.aps.org/revtex4/ for docu
mentation)
Class revtex4-1 Info: RevTeX society APS selected on input line 31.
)

Class revtex4-1 Warning: No journal specified, using default pra.

Class revtex4-1 Info: APS journal PRA selected on input line 7545.

Class revtex4-1 Warning: No type size specified, using default 10.

(/usr/local/texlive/2012/texmf-dist/tex/latex/revtex/aps10pt4-1.rtx
File: aps10pt4-1 2010/07/25/20:33:00 4.1r (http://publish.aps.org/revtex4/ for 
documentation)
Class revtex4-1 Info: RevTeX pointsize 10pt selected on input line 30.
)
(/usr/local/texlive/2012/texmf-dist/tex/latex/textcase/textcase.sty
Package: textcase 2004/10/07 v0.07 Text only upper/lower case changing (DPC)
)
(/usr/local/texlive/2012/texmf-dist/tex/latex/amsfonts/amssymb.sty
Package: amssymb 2009/06/22 v3.00

(/usr/local/texlive/2012/texmf-dist/tex/latex/amsfonts/amsfonts.sty
Package: amsfonts 2009/06/22 v3.00 Basic AMSFonts support
\@emptytoks=\toks16
\symAMSa=\mathgroup4
\symAMSb=\mathgroup5
LaTeX Font Info:    Overwriting math alphabet `\mathfrak' in version `bold'
(Font)                  U/euf/m/n --> U/euf/b/n on input line 96.
))
(/usr/local/texlive/2012/texmf-dist/tex/latex/amsmath/amsmath.sty
Package: amsmath 2000/07/18 v2.13 AMS math features
\@mathmargin=\skip44

For additional information on amsmath, use the `?' option.
(/usr/local/texlive/2012/texmf-dist/tex/latex/amsmath/amstext.sty
Package: amstext 2000/06/29 v2.01

(/usr/local/texlive/2012/texmf-dist/tex/latex/amsmath/amsgen.sty
File: amsgen.sty 1999/11/30 v2.0
\@emptytoks=\toks17
\ex@=\dimen102
)
LaTeX Info: Redefining \text on input line 53.
)
(/usr/local/texlive/2012/texmf-dist/tex/latex/amsmath/amsbsy.sty
Package: amsbsy 1999/11/29 v1.2d
\pmbraise@=\dimen103
)
(/usr/local/texlive/2012/texmf-dist/tex/latex/amsmath/amsopn.sty
Package: amsopn 1999/12/14 v2.01 operator names
)
\inf@bad=\count94
LaTeX Info: Redefining \frac on input line 211.
\uproot@=\count95
\leftroot@=\count96
LaTeX Info: Redefining \overline on input line 307.
\classnum@=\count97
\DOTSCASE@=\count98
LaTeX Info: Redefining \ldots on input line 379.
LaTeX Info: Redefining \dots on input line 382.
LaTeX Info: Redefining \cdots on input line 467.
\Mathstrutbox@=\box41
\strutbox@=\box42
\big@size=\dimen104
LaTeX Font Info:    Redeclaring font encoding OML on input line 567.
LaTeX Font Info:    Redeclaring font encoding OMS on input line 568.
\macc@depth=\count99
\c@MaxMatrixCols=\count100
\dotsspace@=\muskip10
\c@parentequation=\count101
\dspbrk@lvl=\count102
\tag@help=\toks18
\row@=\count103
\column@=\count104
\maxfields@=\count105
\andhelp@=\toks19
\eqnshift@=\dimen105
\alignsep@=\dimen106
\tagshift@=\dimen107
\tagwidth@=\dimen108
\totwidth@=\dimen109
\lineht@=\dimen110
\@envbody=\toks20
\multlinegap=\skip45
\multlinetaggap=\skip46
\mathdisplay@stack=\toks21
LaTeX Info: Redefining \[ on input line 2666.
LaTeX Info: Redefining \] on input line 2667.
)
(/usr/local/texlive/2012/texmf-dist/tex/latex/url/url.sty
\Urlmuskip=\muskip11
Package: url 2006/04/12  ver 3.3  Verb mode for urls, etc.
)
(/usr/local/texlive/2012/texmf-dist/tex/latex/natbib/natbib.sty
Package: natbib 2010/09/13 8.31b (PWD, AO)
\bibhang=\skip47
\bibsep=\skip48
LaTeX Info: Redefining \cite on input line 694.
\c@NAT@ctr=\count106
)
Class revtex4-1 Info: Repairing natbib's \BibitemShut on input line 7549.

(/usr/local/texlive/2012/texmf-dist/tex/latex/revtex/revsymb4-1.sty
Package: revsymb4-1 2010/07/25/20:33:00 4.1r (http://publish.aps.org/revtex4/ f
or documentation)
LaTeX Info: Redefining \frak on input line 95.
LaTeX Info: Redefining \Bbb on input line 111.
LaTeX Info: Redefining \REV@mathfrak on input line 119.
))
(/usr/local/texlive/2012/texmf-dist/tex/latex/graphics/graphicx.sty
Package: graphicx 1999/02/16 v1.0f Enhanced LaTeX Graphics (DPC,SPQR)

(/usr/local/texlive/2012/texmf-dist/tex/latex/graphics/keyval.sty
Package: keyval 1999/03/16 v1.13 key=value parser (DPC)
\KV@toks@=\toks22
)
(/usr/local/texlive/2012/texmf-dist/tex/latex/graphics/graphics.sty
Package: graphics 2009/02/05 v1.0o Standard LaTeX Graphics (DPC,SPQR)

(/usr/local/texlive/2012/texmf-dist/tex/latex/graphics/trig.sty
Package: trig 1999/03/16 v1.09 sin cos tan (DPC)
)
(/usr/local/texlive/2012/texmf-dist/tex/latex/latexconfig/graphics.cfg
File: graphics.cfg 2010/04/23 v1.9 graphics configuration of TeX Live
)
Package graphics Info: Driver file: pdftex.def on input line 91.

(/usr/local/texlive/2012/texmf-dist/tex/latex/pdftex-def/pdftex.def
File: pdftex.def 2011/05/27 v0.06d Graphics/color for pdfTeX

(/usr/local/texlive/2012/texmf-dist/tex/generic/oberdiek/infwarerr.sty
Package: infwarerr 2010/04/08 v1.3 Providing info/warning/error messages (HO)
)
(/usr/local/texlive/2012/texmf-dist/tex/generic/oberdiek/ltxcmds.sty
Package: ltxcmds 2011/11/09 v1.22 LaTeX kernel commands for general use (HO)
)
\Gread@gobject=\count107
))
\Gin@req@height=\dimen111
\Gin@req@width=\dimen112
)
(/usr/local/texlive/2012/texmf-dist/tex/latex/tools/dcolumn.sty
Package: dcolumn 2001/05/28 v1.06 decimal alignment package (DPC)

(/usr/local/texlive/2012/texmf-dist/tex/latex/tools/array.sty
Package: array 2008/09/09 v2.4c Tabular extension package (FMi)
\col@sep=\dimen113
\extrarowheight=\dimen114
\NC@list=\toks23
\extratabsurround=\skip49
\backup@length=\skip50
))
(/usr/local/texlive/2012/texmf-dist/tex/latex/tools/bm.sty
Package: bm 2004/02/26 v1.1c Bold Symbol Support (DPC/FMi)
\symboldoperators=\mathgroup6
\symboldletters=\mathgroup7
\symboldsymbols=\mathgroup8
LaTeX Font Info:    Redeclaring math alphabet \mathbf on input line 138.
LaTeX Info: Redefining \bm on input line 204.
)
(/usr/local/texlive/2012/texmf-dist/tex/latex/graphics/color.sty
Package: color 2005/11/14 v1.0j Standard LaTeX Color (DPC)

(/usr/local/texlive/2012/texmf-dist/tex/latex/latexconfig/color.cfg
File: color.cfg 2007/01/18 v1.5 color configuration of teTeX/TeXLive
)
Package color Info: Driver file: pdftex.def on input line 130.
)
(/usr/local/texlive/2012/texmf-dist/tex/latex/oberdiek/epstopdf.sty
Package: epstopdf 2010/02/09 v2.5 Conversion with epstopdf on the fly (HO)

(/usr/local/texlive/2012/texmf-dist/tex/latex/oberdiek/epstopdf-base.sty
Package: epstopdf-base 2010/02/09 v2.5 Base part for package epstopdf

(/usr/local/texlive/2012/texmf-dist/tex/latex/oberdiek/grfext.sty
Package: grfext 2010/08/19 v1.1 Manage graphics extensions (HO)

(/usr/local/texlive/2012/texmf-dist/tex/generic/oberdiek/kvdefinekeys.sty
Package: kvdefinekeys 2011/04/07 v1.3 Define keys (HO)
))
(/usr/local/texlive/2012/texmf-dist/tex/latex/oberdiek/kvoptions.sty
Package: kvoptions 2011/06/30 v3.11 Key value format for package options (HO)

(/usr/local/texlive/2012/texmf-dist/tex/generic/oberdiek/kvsetkeys.sty
Package: kvsetkeys 2012/04/25 v1.16 Key value parser (HO)

(/usr/local/texlive/2012/texmf-dist/tex/generic/oberdiek/etexcmds.sty
Package: etexcmds 2011/02/16 v1.5 Avoid name clashes with e-TeX commands (HO)

(/usr/local/texlive/2012/texmf-dist/tex/generic/oberdiek/ifluatex.sty
Package: ifluatex 2010/03/01 v1.3 Provides the ifluatex switch (HO)
Package ifluatex Info: LuaTeX not detected.
)
Package etexcmds Info: Could not find \expanded.
(etexcmds)             That can mean that you are not using pdfTeX 1.50 or
(etexcmds)             that some package has redefined \expanded.
(etexcmds)             In the latter case, load this package earlier.
)))
(/usr/local/texlive/2012/texmf-dist/tex/generic/oberdiek/pdftexcmds.sty
Package: pdftexcmds 2011/11/29 v0.20 Utility functions of pdfTeX for LuaTeX (HO
)

(/usr/local/texlive/2012/texmf-dist/tex/generic/oberdiek/ifpdf.sty
Package: ifpdf 2011/01/30 v2.3 Provides the ifpdf switch (HO)
Package ifpdf Info: pdfTeX in PDF mode is detected.
)
Package pdftexcmds Info: LuaTeX not detected.
Package pdftexcmds Info: \pdf@primitive is available.
Package pdftexcmds Info: \pdf@ifprimitive is available.
Package pdftexcmds Info: \pdfdraftmode found.
)
Package grfext Info: Graphics extension search list:
(grfext)             [.png,.pdf,.jpg,.mps,.jpeg,.jbig2,.jb2,.PNG,.PDF,.JPG,.JPE
G,.JBIG2,.JB2,.eps]
(grfext)             \AppendGraphicsExtensions on input line 452.

(/usr/local/texlive/2012/texmf-dist/tex/latex/latexconfig/epstopdf-sys.cfg
File: epstopdf-sys.cfg 2010/07/13 v1.3 Configuration of (r)epstopdf for TeX Liv
e
)))
(/usr/local/texlive/2012/texmf-dist/tex/latex/multirow/multirow.sty
\bigstrutjot=\dimen115
)
(/usr/local/texlive/2012/texmf-dist/tex/latex/float/float.sty
Package: float 2001/11/08 v1.3d Float enhancements (AL)
\c@float@type=\count108
\float@exts=\toks24
\float@box=\box43
\@float@everytoks=\toks25
\@floatcapt=\box44
)
\@float@every@table=\toks26
Class revtex4-1 Info: Patching array package. on input line 15.


Class revtex4-1 Warning: Repair the float package.

Class revtex4-1 Info: Robustifying \LaTeX's \boldmath command on input line 15.

Class revtex4-1 Info: cite was not loaded (OK!) on input line 15.
Class revtex4-1 Info: mcite was not loaded (OK!) on input line 15.
Class revtex4-1 Info: multicol was not loaded (OK!) on input line 15.
(./JB_lab_1.aux

LaTeX Warning: Label `fano' multiply defined.

)
\openout1 = `JB_lab_1.aux'.

LaTeX Font Info:    Checking defaults for OML/cmm/m/it on input line 15.
LaTeX Font Info:    ... okay on input line 15.
LaTeX Font Info:    Checking defaults for T1/cmr/m/n on input line 15.
LaTeX Font Info:    ... okay on input line 15.
LaTeX Font Info:    Checking defaults for OT1/cmr/m/n on input line 15.
LaTeX Font Info:    ... okay on input line 15.
LaTeX Font Info:    Checking defaults for OMS/cmsy/m/n on input line 15.
LaTeX Font Info:    ... okay on input line 15.
LaTeX Font Info:    Checking defaults for OMX/cmex/m/n on input line 15.
LaTeX Font Info:    ... okay on input line 15.
LaTeX Font Info:    Checking defaults for U/cmr/m/n on input line 15.
LaTeX Font Info:    ... okay on input line 15.
 (/usr/local/texlive/2012/texmf-dist/tex/context/base/supp-pdf.mkii
[Loading MPS to PDF converter (version 2006.09.02).]
\scratchcounter=\count109
\scratchdimen=\dimen116
\scratchbox=\box45
\nofMPsegments=\count110
\nofMParguments=\count111
\everyMPshowfont=\toks27
\MPscratchCnt=\count112
\MPscratchDim=\dimen117
\MPnumerator=\count113
\makeMPintoPDFobject=\count114
\everyMPtoPDFconversion=\toks28
)
\openout3 = `JB_lab_1Notes.bib'.

LaTeX Font Info:    Try loading font information for U+msa on input line 31.
 (/usr/local/texlive/2012/texmf-dist/tex/latex/amsfonts/umsa.fd
File: umsa.fd 2009/06/22 v3.00 AMS symbols A
)
LaTeX Font Info:    Try loading font information for U+msb on input line 31.

(/usr/local/texlive/2012/texmf-dist/tex/latex/amsfonts/umsb.fd
File: umsb.fd 2009/06/22 v3.00 AMS symbols B
)
Package epstopdf Info: Source file: <filter.eps>
(epstopdf)                    date: 2013-11-01 19:31:54
(epstopdf)                    size: 25696 bytes
(epstopdf)             Output file: <filter-eps-converted-to.pdf>
(epstopdf)                    date: 2013-11-01 19:39:51
(epstopdf)                    size: 64395 bytes
(epstopdf)             Command: <repstopdf --outfile=filter-eps-converted-to.pd
f filter.eps>
(epstopdf)             \includegraphics on input line 92.
Package epstopdf Info: Output file is already uptodate.

<filter-eps-converted-to.pdf, id=1, 569.12625pt x 379.4175pt>
File: filter-eps-converted-to.pdf Graphic file (type pdf)

<use filter-eps-converted-to.pdf>
Package pdftex.def Info: filter-eps-converted-to.pdf used on input line 92.
(pdftex.def)             Requested size: 239.70062pt x 159.80005pt.
Package epstopdf Info: Source file: <filter_function_example.eps>
(epstopdf)                    date: 2013-11-01 23:19:07
(epstopdf)                    size: 15139 bytes
(epstopdf)             Output file: <filter_function_example-eps-converted-to.p
df>
(epstopdf)                    date: 2013-11-01 23:19:19
(epstopdf)                    size: 18682 bytes
(epstopdf)             Command: <repstopdf --outfile=filter_function_example-ep
s-converted-to.pdf filter_function_example.eps>
(epstopdf)             \includegraphics on input line 98.
Package epstopdf Info: Output file is already uptodate.

<filter_function_example-eps-converted-to.pdf, id=2, 439.6425pt x 739.76375pt>
File: filter_function_example-eps-converted-to.pdf Graphic file (type pdf)

<use filter_function_example-eps-converted-to.pdf>
Package pdftex.def Info: filter_function_example-eps-converted-to.pdf used on i
nput line 98.
(pdftex.def)             Requested size: 255.0pt x 429.07455pt.

Overfull \hbox (9.0pt too wide) in paragraph at lines 98--99
 [][] 
 []

[1{/usr/local/texlive/2012/texmf-var/fonts/map/pdftex/updmap/pdftex.map}]

LaTeX Warning: A float is stuck (cannot be placed) on input line 105.


LaTeX Warning: A float is stuck (cannot be placed) on input line 105.


Class revtex4-1 Warning: Deferred float stuck during \clearpage processing.

Package epstopdf Info: Source file: <peak_fit.eps>
(epstopdf)                    date: 2013-11-06 20:45:45
(epstopdf)                    size: 552730 bytes
(epstopdf)             Output file: <peak_fit-eps-converted-to.pdf>
(epstopdf)                    date: 2013-11-06 20:51:46
(epstopdf)                    size: 25087 bytes
(epstopdf)             Command: <repstopdf --outfile=peak_fit-eps-converted-to.
pdf peak_fit.eps>
(epstopdf)             \includegraphics on input line 110.
Package epstopdf Info: Output file is already uptodate.
<peak_fit-eps-converted-to.pdf, id=21, 433.62pt x 295.1025pt>
File: peak_fit-eps-converted-to.pdf Graphic file (type pdf)

<use peak_fit-eps-converted-to.pdf>
Package pdftex.def Info: peak_fit-eps-converted-to.pdf used on input line 110.
(pdftex.def)             Requested size: 255.0pt x 173.54158pt.

Overfull \hbox (9.0pt too wide) in paragraph at lines 110--111
 [][] 
 []

Package epstopdf Info: Source file: <noise_v_shaping_time.eps>
(epstopdf)                    date: 2013-11-06 19:43:40
(epstopdf)                    size: 725674 bytes
(epstopdf)             Output file: <noise_v_shaping_time-eps-converted-to.pdf>

(epstopdf)                    date: 2013-11-06 19:44:30
(epstopdf)                    size: 25074 bytes
(epstopdf)             Command: <repstopdf --outfile=noise_v_shaping_time-eps-c
onverted-to.pdf noise_v_shaping_time.eps>
(epstopdf)             \includegraphics on input line 123.
Package epstopdf Info: Output file is already uptodate.
<noise_v_shaping_time-eps-converted-to.pdf, id=22, 569.12625pt x 382.42876pt>
File: noise_v_shaping_time-eps-converted-to.pdf Graphic file (type pdf)

<use noise_v_shaping_time-eps-converted-to.pdf>
Package pdftex.def Info: noise_v_shaping_time-eps-converted-to.pdf used on inpu
t line 123.
(pdftex.def)             Requested size: 255.0pt x 171.35025pt.

Overfull \hbox (9.0pt too wide) in paragraph at lines 123--124
 [][] 
 []

Package epstopdf Info: Source file: <gap_min.eps>
(epstopdf)                    date: 2013-11-06 19:59:47
(epstopdf)                    size: 7882 bytes
(epstopdf)             Output file: <gap_min-eps-converted-to.pdf>
(epstopdf)                    date: 2013-11-06 19:59:57
(epstopdf)                    size: 8085 bytes
(epstopdf)             Command: <repstopdf --outfile=gap_min-eps-converted-to.p
df gap_min.eps>
(epstopdf)             \includegraphics on input line 128.
Package epstopdf Info: Output file is already uptodate.
<gap_min-eps-converted-to.pdf, id=23, 569.12625pt x 379.4175pt>
File: gap_min-eps-converted-to.pdf Graphic file (type pdf)

<use gap_min-eps-converted-to.pdf>
Package pdftex.def Info: gap_min-eps-converted-to.pdf used on input line 128.
(pdftex.def)             Requested size: 255.0pt x 170.00104pt.

Overfull \hbox (9.0pt too wide) in paragraph at lines 128--129
 [][] 
 []

[2 <./filter-eps-converted-to.pdf> <./filter_function_example-eps-converted-to.
pdf>]

LaTeX Warning: A float is stuck (cannot be placed) on input line 141.


LaTeX Warning: A float is stuck (cannot be placed) on input line 141.


Class revtex4-1 Warning: Deferred float stuck during \clearpage processing.

Package epstopdf Info: Source file: <balistic_deficit.eps>
(epstopdf)                    date: 2013-11-07 02:09:56
(epstopdf)                    size: 1850886 bytes
(epstopdf)             Output file: <balistic_deficit-eps-converted-to.pdf>
(epstopdf)                    date: 2013-11-07 02:10:01
(epstopdf)                    size: 199542 bytes
(epstopdf)             Command: <repstopdf --outfile=balistic_deficit-eps-conve
rted-to.pdf balistic_deficit.eps>
(epstopdf)             \includegraphics on input line 150.
Package epstopdf Info: Output file is already uptodate.
<balistic_deficit-eps-converted-to.pdf, id=40, 563.10374pt x 372.39125pt>
File: balistic_deficit-eps-converted-to.pdf Graphic file (type pdf)

<use balistic_deficit-eps-converted-to.pdf>
Package pdftex.def Info: balistic_deficit-eps-converted-to.pdf used on input li
ne 150.
(pdftex.def)             Requested size: 265.20218pt x 175.38188pt.

Overfull \hbox (19.20218pt too wide) in paragraph at lines 150--151
 [][] 
 []

Package epstopdf Info: Source file: <spectrum.eps>
(epstopdf)                    date: 2013-11-06 23:44:20
(epstopdf)                    size: 87878 bytes
(epstopdf)             Output file: <spectrum-eps-converted-to.pdf>
(epstopdf)                    date: 2013-11-06 23:44:31
(epstopdf)                    size: 193049 bytes
(epstopdf)             Command: <repstopdf --outfile=spectrum-eps-converted-to.
pdf spectrum.eps>
(epstopdf)             \includegraphics on input line 161.
Package epstopdf Info: Output file is already uptodate.
<spectrum-eps-converted-to.pdf, id=41, 569.12625pt x 379.4175pt>
File: spectrum-eps-converted-to.pdf Graphic file (type pdf)

<use spectrum-eps-converted-to.pdf>
Package pdftex.def Info: spectrum-eps-converted-to.pdf used on input line 161.
(pdftex.def)             Requested size: 255.0pt x 170.00104pt.

Overfull \hbox (9.0pt too wide) in paragraph at lines 161--162
 [][] 
 []

[3 <./peak_fit-eps-converted-to.pdf> <./noise_v_shaping_time-eps-converted-to.p
df> <./gap_min-eps-converted-to.pdf>]

LaTeX Warning: A float is stuck (cannot be placed) on input line 170.


LaTeX Warning: A float is stuck (cannot be placed) on input line 170.


Class revtex4-1 Warning: Deferred float stuck during \clearpage processing.

Package epstopdf Info: Source file: <fano_factor_determination.eps>
(epstopdf)                    date: 2013-11-06 20:40:23
(epstopdf)                    size: 7361 bytes
(epstopdf)             Output file: <fano_factor_determination-eps-converted-to
.pdf>
(epstopdf)                    date: 2013-11-06 20:40:28
(epstopdf)                    size: 7295 bytes
(epstopdf)             Command: <repstopdf --outfile=fano_factor_determination-
eps-converted-to.pdf fano_factor_determination.eps>
(epstopdf)             \includegraphics on input line 188.
Package epstopdf Info: Output file is already uptodate.

<fano_factor_determination-eps-converted-to.pdf, id=67, 569.12625pt x 379.4175p
t>
File: fano_factor_determination-eps-converted-to.pdf Graphic file (type pdf)
 <use fano_factor_determination-eps-converted-to.pdf>
Package pdftex.def Info: fano_factor_determination-eps-converted-to.pdf used on
 input line 188.
(pdftex.def)             Requested size: 255.0pt x 170.00104pt.

Overfull \hbox (9.0pt too wide) in paragraph at lines 188--189
 [][] 
 []


LaTeX Warning: `h' float specifier changed to `ht'.

[4 <./balistic_deficit-eps-converted-to.pdf> <./spectrum-eps-converted-to.pdf> 
<./fano_factor_determination-eps-converted-to.pdf>]

LaTeX Warning: A float is stuck (cannot be placed) on input line 225.


LaTeX Warning: A float is stuck (cannot be placed) on input line 225.


Class revtex4-1 Warning: Deferred float stuck during \clearpage processing.

Missing character: There is no Ã in font cmr9!
Missing character: There is no © in font cmr9!
No file JB_lab_1.bbl.
[5] (./JB_lab_1.aux)

LaTeX Warning: There were multiply-defined labels.

 ) 
Here is how much of TeX's memory you used:
 4669 strings out of 493488
 62468 string characters out of 3141326
 140999 words of memory out of 3000000
 7883 multiletter control sequences out of 15000+200000
 13994 words of font info for 52 fonts, out of 3000000 for 9000
 957 hyphenation exceptions out of 8191
 42i,12n,26p,1826b,303s stack positions out of 5000i,500n,10000p,200000b,50000s
</usr/local/texlive/2012/texmf-dist/fonts/type1/public/amsfonts/cm/cmbx12.pfb
></usr/local/texlive/2012/texmf-dist/fonts/type1/public/amsfonts/cm/cmbx9.pfb><
/usr/local/texlive/2012/texmf-dist/fonts/type1/public/amsfonts/cm/cmex10.pfb></
usr/local/texlive/2012/texmf-dist/fonts/type1/public/amsfonts/cm/cmmi10.pfb></u
sr/local/texlive/2012/texmf-dist/fonts/type1/public/amsfonts/cm/cmmi5.pfb></usr
/local/texlive/2012/texmf-dist/fonts/type1/public/amsfonts/cm/cmmi6.pfb></usr/l
ocal/texlive/2012/texmf-dist/fonts/type1/public/amsfonts/cm/cmmi7.pfb></usr/loc
al/texlive/2012/texmf-dist/fonts/type1/public/amsfonts/cm/cmmi9.pfb></usr/local
/texlive/2012/texmf-dist/fonts/type1/public/amsfonts/cm/cmr10.pfb></usr/local/t
exlive/2012/texmf-dist/fonts/type1/public/amsfonts/cm/cmr5.pfb></usr/local/texl
ive/2012/texmf-dist/fonts/type1/public/amsfonts/cm/cmr6.pfb></usr/local/texlive
/2012/texmf-dist/fonts/type1/public/amsfonts/cm/cmr7.pfb></usr/local/texlive/20
12/texmf-dist/fonts/type1/public/amsfonts/cm/cmr9.pfb></usr/local/texlive/2012/
texmf-dist/fonts/type1/public/amsfonts/cm/cmsy10.pfb></usr/local/texlive/2012/t
exmf-dist/fonts/type1/public/amsfonts/cm/cmsy5.pfb></usr/local/texlive/2012/tex
mf-dist/fonts/type1/public/amsfonts/cm/cmsy6.pfb></usr/local/texlive/2012/texmf
-dist/fonts/type1/public/amsfonts/cm/cmsy7.pfb></usr/local/texlive/2012/texmf-d
ist/fonts/type1/public/amsfonts/cm/cmsy9.pfb></usr/local/texlive/2012/texmf-dis
t/fonts/type1/public/amsfonts/cm/cmti9.pfb>
Output written on JB_lab_1.pdf (5 pages, 708447 bytes).
PDF statistics:
 155 PDF objects out of 1000 (max. 8388607)
 109 compressed objects within 2 object streams
 0 named destinations out of 1000 (max. 500000)
 41 words of extra memory for PDF output out of 10000 (max. 10000000)

